[0.012s] Invoking command in '/home/aatmaj/Sookshma/ros2_ws/build/interfaces': /usr/bin/cmake /home/aatmaj/Sookshma/ros2_ws/src/interfaces -DCMAKE_BUILD_TYPE=Release -DAMENT_CMAKE_SYMLINK_INSTALL=1 -DCMAKE_INSTALL_PREFIX=/home/aatmaj/Sookshma/ros2_ws/install/interfaces
[0.035s] -- Found ament_cmake: 1.3.12 (/opt/ros/humble/share/ament_cmake/cmake)
[0.203s] Traceback (most recent call last):
[0.203s]   File "/opt/ros/humble/share/ament_cmake_core/cmake/package_templates/templates_2_cmake.py", line 21, in <module>
[0.203s]     from ament_package.templates import get_environment_hook_template_path
[0.203s] ModuleNotFoundError: No module named 'ament_package'
[0.215s] [31mCMake Error at /opt/ros/humble/share/ament_cmake_core/cmake/ament_cmake_package_templates-extras.cmake:41 (message):
[0.215s]   execute_process(/usr/bin/python3
[0.215s]   /opt/ros/humble/share/ament_cmake_core/cmake/package_templates/templates_2_cmake.py
[0.215s]   /home/aatmaj/Sookshma/ros2_ws/build/interfaces/ament_cmake_package_templates/templates.cmake)
[0.215s]   returned error code 1
[0.215s] Call Stack (most recent call first):
[0.215s]   /opt/ros/humble/share/ament_cmake_core/cmake/ament_cmake_coreConfig.cmake:41 (include)
[0.215s]   /opt/ros/humble/share/ament_cmake/cmake/ament_cmake_export_dependencies-extras.cmake:15 (find_package)
[0.215s]   /opt/ros/humble/share/ament_cmake/cmake/ament_cmakeConfig.cmake:41 (include)
[0.215s]   CMakeLists.txt:13 (find_package)
[0.215s] 
[0.216s] [0m
[0.216s] -- Configuring incomplete, errors occurred!
[0.216s] See also "/home/aatmaj/Sookshma/ros2_ws/build/interfaces/CMakeFiles/CMakeOutput.log".
[0.223s] Invoked command in '/home/aatmaj/Sookshma/ros2_ws/build/interfaces' returned '1': /usr/bin/cmake /home/aatmaj/Sookshma/ros2_ws/src/interfaces -DCMAKE_BUILD_TYPE=Release -DAMENT_CMAKE_SYMLINK_INSTALL=1 -DCMAKE_INSTALL_PREFIX=/home/aatmaj/Sookshma/ros2_ws/install/interfaces
