[0.021s] Invoking command in '/home/aatmaj/Sookshma/ros2_ws/build/interfaces': CMAKE_PREFIX_PATH=/opt/ros/humble /usr/bin/cmake /home/aatmaj/Sookshma/ros2_ws/src/interfaces -DCMAKE_INSTALL_PREFIX=/home/aatmaj/Sookshma/ros2_ws/install/interfaces
[0.249s] -- The C compiler identification is GNU 11.4.0
[0.397s] -- The CXX compiler identification is GNU 11.4.0
[0.427s] -- Detecting C compiler ABI info
[0.555s] -- Detecting C compiler ABI info - done
[0.581s] -- Check for working C compiler: /usr/bin/cc - skipped
[0.582s] -- Detecting C compile features
[0.585s] -- Detecting C compile features - done
[0.598s] -- Detecting CXX compiler ABI info
[0.733s] -- Detecting CXX compiler ABI info - done
[0.749s] -- Check for working CXX compiler: /usr/bin/c++ - skipped
[0.750s] -- Detecting CXX compile features
[0.751s] -- Detecting CXX compile features - done
[0.757s] -- Found ament_cmake: 1.3.12 (/opt/ros/humble/share/ament_cmake/cmake)
[0.994s] -- Found Python3: /usr/bin/python3 (found version "3.10.12") found components: Interpreter 
[1.124s] -- Found std_msgs: 4.9.0 (/opt/ros/humble/share/std_msgs/cmake)
[1.190s] -- Found rosidl_generator_c: 3.1.7 (/opt/ros/humble/share/rosidl_generator_c/cmake)
[1.197s] -- Found rosidl_adapter: 3.1.7 (/opt/ros/humble/share/rosidl_adapter/cmake)
[1.209s] -- Found rosidl_generator_cpp: 3.1.7 (/opt/ros/humble/share/rosidl_generator_cpp/cmake)
[1.228s] -- Using all available rosidl_typesupport_c: rosidl_typesupport_fastrtps_c;rosidl_typesupport_introspection_c
[1.251s] -- Using all available rosidl_typesupport_cpp: rosidl_typesupport_fastrtps_cpp;rosidl_typesupport_introspection_cpp
[1.290s] -- Found rosidl_default_generators: 1.2.0 (/opt/ros/humble/share/rosidl_default_generators/cmake)
[1.734s] -- Found ament_cmake_ros: 0.10.0 (/opt/ros/humble/share/ament_cmake_ros/cmake)
[2.380s] -- Using all available rosidl_typesupport_c: rosidl_typesupport_fastrtps_c;rosidl_typesupport_introspection_c
[2.653s] -- Using all available rosidl_typesupport_cpp: rosidl_typesupport_fastrtps_cpp;rosidl_typesupport_introspection_cpp
[2.694s] -- Found PythonInterp: /usr/bin/python3 (found suitable version "3.10.12", minimum required is "3.6") 
[2.698s] -- Found python_cmake_module: 0.10.0 (/opt/ros/humble/share/python_cmake_module/cmake)
[2.751s] -- Found PythonLibs: /usr/lib/x86_64-linux-gnu/libpython3.10.so (found suitable version "3.10.12", minimum required is "3.5") 
[2.751s] -- Using PYTHON_EXECUTABLE: /usr/bin/python3
[2.752s] -- Using PYTHON_INCLUDE_DIRS: /usr/include/python3.10
[2.752s] -- Using PYTHON_LIBRARIES: /usr/lib/x86_64-linux-gnu/libpython3.10.so
[2.786s] -- Found PythonExtra: .so  
[2.877s] -- Found ament_lint_auto: 0.12.14 (/opt/ros/humble/share/ament_lint_auto/cmake)
[2.905s] -- Added test 'lint_cmake' to check CMake code style
[2.906s] -- Added test 'xmllint' to check XML markup files
[2.910s] -- Configuring done
[2.956s] -- Generating done
[2.972s] -- Build files have been written to: /home/aatmaj/Sookshma/ros2_ws/build/interfaces
[2.984s] Invoked command in '/home/aatmaj/Sookshma/ros2_ws/build/interfaces' returned '0': CMAKE_PREFIX_PATH=/opt/ros/humble /usr/bin/cmake /home/aatmaj/Sookshma/ros2_ws/src/interfaces -DCMAKE_INSTALL_PREFIX=/home/aatmaj/Sookshma/ros2_ws/install/interfaces
[2.990s] Invoking command in '/home/aatmaj/Sookshma/ros2_ws/build/interfaces': CMAKE_PREFIX_PATH=/opt/ros/humble /usr/bin/cmake --build /home/aatmaj/Sookshma/ros2_ws/build/interfaces -- -j24 -l24
[3.048s] [  3%] [34m[1mGenerating C code for ROS interfaces[0m
[3.060s] [  6%] [34m[1mGenerating C++ code for ROS interfaces[0m
[3.073s] [  6%] Built target ament_cmake_python_copy_interfaces
[3.364s] [  6%] Built target interfaces__cpp
[3.379s] [  9%] [34m[1mGenerating C++ type support dispatch for ROS interfaces[0m
[3.380s] [ 16%] [34m[1mGenerating C++ type support for eProsima Fast-RTPS[0m
[3.380s] [ 16%] [34m[1mGenerating C++ introspection for ROS interfaces[0m
[3.406s] [ 19%] [32mBuilding C object CMakeFiles/interfaces__rosidl_generator_c.dir/rosidl_generator_c/interfaces/msg/detail/actuator__functions.c.o[0m
[3.433s] running egg_info
[3.434s] creating interfaces.egg-info
[3.434s] writing interfaces.egg-info/PKG-INFO
[3.434s] writing dependency_links to interfaces.egg-info/dependency_links.txt
[3.435s] writing top-level names to interfaces.egg-info/top_level.txt
[3.435s] writing manifest file 'interfaces.egg-info/SOURCES.txt'
[3.441s] reading manifest file 'interfaces.egg-info/SOURCES.txt'
[3.441s] writing manifest file 'interfaces.egg-info/SOURCES.txt'
[3.476s] [ 22%] [32m[1mLinking C shared library libinterfaces__rosidl_generator_c.so[0m
[3.478s] [ 22%] Built target ament_cmake_python_build_interfaces_egg
[3.530s] [ 22%] Built target interfaces__rosidl_generator_c
[3.545s] [ 25%] [34m[1mGenerating C introspection for ROS interfaces[0m
[3.545s] [ 29%] [34m[1mGenerating C type support for eProsima Fast-RTPS[0m
[3.547s] [ 32%] [34m[1mGenerating C type support dispatch for ROS interfaces[0m
[3.650s] [ 35%] [32mBuilding CXX object CMakeFiles/interfaces__rosidl_typesupport_cpp.dir/rosidl_typesupport_cpp/interfaces/msg/actuator__type_support.cpp.o[0m
[3.730s] [ 38%] [32mBuilding CXX object CMakeFiles/interfaces__rosidl_typesupport_introspection_cpp.dir/rosidl_typesupport_introspection_cpp/interfaces/msg/detail/actuator__type_support.cpp.o[0m
[3.755s] [ 41%] [32mBuilding CXX object CMakeFiles/interfaces__rosidl_typesupport_fastrtps_cpp.dir/rosidl_typesupport_fastrtps_cpp/interfaces/msg/detail/dds_fastrtps/actuator__type_support.cpp.o[0m
[3.838s] [ 45%] [32mBuilding CXX object CMakeFiles/interfaces__rosidl_typesupport_fastrtps_c.dir/rosidl_typesupport_fastrtps_c/interfaces/msg/detail/actuator__type_support_c.cpp.o[0m
[3.844s] [ 48%] [32mBuilding CXX object CMakeFiles/interfaces__rosidl_typesupport_c.dir/rosidl_typesupport_c/interfaces/msg/actuator__type_support.cpp.o[0m
[3.888s] [ 51%] [32m[1mLinking CXX shared library libinterfaces__rosidl_typesupport_c.so[0m
[3.892s] [ 54%] [32mBuilding C object CMakeFiles/interfaces__rosidl_typesupport_introspection_c.dir/rosidl_typesupport_introspection_c/interfaces/msg/detail/actuator__type_support.c.o[0m
[3.940s] [ 54%] Built target interfaces__rosidl_typesupport_c
[3.953s] [ 58%] [32m[1mLinking C shared library libinterfaces__rosidl_typesupport_introspection_c.so[0m
[3.975s] [ 61%] [32m[1mLinking CXX shared library libinterfaces__rosidl_typesupport_cpp.so[0m
[3.996s] [ 61%] Built target interfaces__rosidl_typesupport_introspection_c
[4.025s] [ 61%] Built target interfaces__rosidl_typesupport_cpp
[4.182s] [ 64%] [32m[1mLinking CXX shared library libinterfaces__rosidl_typesupport_fastrtps_c.so[0m
[4.186s] [ 67%] [32m[1mLinking CXX shared library libinterfaces__rosidl_typesupport_introspection_cpp.so[0m
[4.282s] [ 67%] Built target interfaces__rosidl_typesupport_fastrtps_c
[4.282s] [ 67%] Built target interfaces__rosidl_typesupport_introspection_cpp
[4.290s] [ 70%] [32m[1mLinking CXX shared library libinterfaces__rosidl_typesupport_fastrtps_cpp.so[0m
[4.376s] [ 70%] Built target interfaces__rosidl_typesupport_fastrtps_cpp
[4.403s] [ 70%] Built target interfaces
[4.429s] [ 74%] [34m[1mGenerating Python code for ROS interfaces[0m
[4.822s] [ 74%] Built target interfaces__py
[4.846s] [ 77%] [32mBuilding C object CMakeFiles/interfaces__rosidl_generator_py.dir/rosidl_generator_py/interfaces/msg/_actuator_s.c.o[0m
[4.999s] [ 80%] [32m[1mLinking C shared library rosidl_generator_py/interfaces/libinterfaces__rosidl_generator_py.so[0m
[5.066s] [ 80%] Built target interfaces__rosidl_generator_py
[5.093s] [ 83%] [32mBuilding C object CMakeFiles/interfaces__rosidl_typesupport_fastrtps_c__pyext.dir/rosidl_generator_py/interfaces/_interfaces_s.ep.rosidl_typesupport_fastrtps_c.c.o[0m
[5.094s] [ 87%] [32mBuilding C object CMakeFiles/interfaces__rosidl_typesupport_introspection_c__pyext.dir/rosidl_generator_py/interfaces/_interfaces_s.ep.rosidl_typesupport_introspection_c.c.o[0m
[5.096s] [ 90%] [32mBuilding C object CMakeFiles/interfaces__rosidl_typesupport_c__pyext.dir/rosidl_generator_py/interfaces/_interfaces_s.ep.rosidl_typesupport_c.c.o[0m
[5.209s] [ 96%] [32m[1mLinking C shared library rosidl_generator_py/interfaces/interfaces_s__rosidl_typesupport_introspection_c.cpython-310-x86_64-linux-gnu.so[0m
[5.209s] [ 96%] [32m[1mLinking C shared library rosidl_generator_py/interfaces/interfaces_s__rosidl_typesupport_fastrtps_c.cpython-310-x86_64-linux-gnu.so[0m
[5.211s] [100%] [32m[1mLinking C shared library rosidl_generator_py/interfaces/interfaces_s__rosidl_typesupport_c.cpython-310-x86_64-linux-gnu.so[0m
[5.261s] [100%] Built target interfaces__rosidl_typesupport_fastrtps_c__pyext
[5.262s] [100%] Built target interfaces__rosidl_typesupport_c__pyext
[5.266s] [100%] Built target interfaces__rosidl_typesupport_introspection_c__pyext
[5.281s] Invoked command in '/home/aatmaj/Sookshma/ros2_ws/build/interfaces' returned '0': CMAKE_PREFIX_PATH=/opt/ros/humble /usr/bin/cmake --build /home/aatmaj/Sookshma/ros2_ws/build/interfaces -- -j24 -l24
[5.293s] Invoking command in '/home/aatmaj/Sookshma/ros2_ws/build/interfaces': CMAKE_PREFIX_PATH=/opt/ros/humble /usr/bin/cmake --install /home/aatmaj/Sookshma/ros2_ws/build/interfaces
[5.304s] -- Install configuration: ""
[5.305s] -- Installing: /home/aatmaj/Sookshma/ros2_ws/install/interfaces/share/ament_index/resource_index/rosidl_interfaces/interfaces
[5.305s] -- Up-to-date: /home/aatmaj/Sookshma/ros2_ws/install/interfaces/include/interfaces/interfaces
[5.305s] -- Up-to-date: /home/aatmaj/Sookshma/ros2_ws/install/interfaces/include/interfaces/interfaces/msg
[5.305s] -- Installing: /home/aatmaj/Sookshma/ros2_ws/install/interfaces/include/interfaces/interfaces/msg/rosidl_generator_c__visibility_control.h
[5.306s] -- Installing: /home/aatmaj/Sookshma/ros2_ws/install/interfaces/include/interfaces/interfaces/msg/actuator.h
[5.306s] -- Up-to-date: /home/aatmaj/Sookshma/ros2_ws/install/interfaces/include/interfaces/interfaces/msg/detail
[5.306s] -- Installing: /home/aatmaj/Sookshma/ros2_ws/install/interfaces/include/interfaces/interfaces/msg/detail/actuator__struct.h
[5.306s] -- Installing: /home/aatmaj/Sookshma/ros2_ws/install/interfaces/include/interfaces/interfaces/msg/detail/actuator__functions.h
[5.307s] -- Installing: /home/aatmaj/Sookshma/ros2_ws/install/interfaces/include/interfaces/interfaces/msg/detail/actuator__type_support.h
[5.307s] -- Installing: /home/aatmaj/Sookshma/ros2_ws/install/interfaces/include/interfaces/interfaces/msg/detail/actuator__functions.c
[5.307s] -- Installing: /home/aatmaj/Sookshma/ros2_ws/install/interfaces/share/interfaces/environment/library_path.sh
[5.307s] -- Installing: /home/aatmaj/Sookshma/ros2_ws/install/interfaces/share/interfaces/environment/library_path.dsv
[5.307s] -- Installing: /home/aatmaj/Sookshma/ros2_ws/install/interfaces/lib/libinterfaces__rosidl_generator_c.so
[5.308s] -- Set runtime path of "/home/aatmaj/Sookshma/ros2_ws/install/interfaces/lib/libinterfaces__rosidl_generator_c.so" to ""
[5.308s] -- Up-to-date: /home/aatmaj/Sookshma/ros2_ws/install/interfaces/include/interfaces/interfaces
[5.308s] -- Up-to-date: /home/aatmaj/Sookshma/ros2_ws/install/interfaces/include/interfaces/interfaces/msg
[5.308s] -- Installing: /home/aatmaj/Sookshma/ros2_ws/install/interfaces/include/interfaces/interfaces/msg/rosidl_typesupport_fastrtps_c__visibility_control.h
[5.308s] -- Up-to-date: /home/aatmaj/Sookshma/ros2_ws/install/interfaces/include/interfaces/interfaces/msg/detail
[5.309s] -- Installing: /home/aatmaj/Sookshma/ros2_ws/install/interfaces/include/interfaces/interfaces/msg/detail/actuator__rosidl_typesupport_fastrtps_c.h
[5.309s] -- Installing: /home/aatmaj/Sookshma/ros2_ws/install/interfaces/lib/libinterfaces__rosidl_typesupport_fastrtps_c.so
[5.309s] -- Set runtime path of "/home/aatmaj/Sookshma/ros2_ws/install/interfaces/lib/libinterfaces__rosidl_typesupport_fastrtps_c.so" to ""
[5.309s] -- Up-to-date: /home/aatmaj/Sookshma/ros2_ws/install/interfaces/include/interfaces/interfaces
[5.310s] -- Up-to-date: /home/aatmaj/Sookshma/ros2_ws/install/interfaces/include/interfaces/interfaces/msg
[5.310s] -- Installing: /home/aatmaj/Sookshma/ros2_ws/install/interfaces/include/interfaces/interfaces/msg/actuator.hpp
[5.310s] -- Installing: /home/aatmaj/Sookshma/ros2_ws/install/interfaces/include/interfaces/interfaces/msg/rosidl_generator_cpp__visibility_control.hpp
[5.310s] -- Up-to-date: /home/aatmaj/Sookshma/ros2_ws/install/interfaces/include/interfaces/interfaces/msg/detail
[5.310s] -- Installing: /home/aatmaj/Sookshma/ros2_ws/install/interfaces/include/interfaces/interfaces/msg/detail/actuator__builder.hpp
[5.311s] -- Installing: /home/aatmaj/Sookshma/ros2_ws/install/interfaces/include/interfaces/interfaces/msg/detail/actuator__traits.hpp
[5.311s] -- Installing: /home/aatmaj/Sookshma/ros2_ws/install/interfaces/include/interfaces/interfaces/msg/detail/actuator__type_support.hpp
[5.311s] -- Installing: /home/aatmaj/Sookshma/ros2_ws/install/interfaces/include/interfaces/interfaces/msg/detail/actuator__struct.hpp
[5.312s] -- Up-to-date: /home/aatmaj/Sookshma/ros2_ws/install/interfaces/include/interfaces/interfaces
[5.312s] -- Up-to-date: /home/aatmaj/Sookshma/ros2_ws/install/interfaces/include/interfaces/interfaces/msg
[5.312s] -- Installing: /home/aatmaj/Sookshma/ros2_ws/install/interfaces/include/interfaces/interfaces/msg/rosidl_typesupport_fastrtps_cpp__visibility_control.h
[5.312s] -- Up-to-date: /home/aatmaj/Sookshma/ros2_ws/install/interfaces/include/interfaces/interfaces/msg/detail
[5.312s] -- Installing: /home/aatmaj/Sookshma/ros2_ws/install/interfaces/include/interfaces/interfaces/msg/detail/actuator__rosidl_typesupport_fastrtps_cpp.hpp
[5.313s] -- Installing: /home/aatmaj/Sookshma/ros2_ws/install/interfaces/include/interfaces/interfaces/msg/detail/dds_fastrtps
[5.313s] -- Installing: /home/aatmaj/Sookshma/ros2_ws/install/interfaces/lib/libinterfaces__rosidl_typesupport_fastrtps_cpp.so
[5.313s] -- Set runtime path of "/home/aatmaj/Sookshma/ros2_ws/install/interfaces/lib/libinterfaces__rosidl_typesupport_fastrtps_cpp.so" to ""
[5.313s] -- Up-to-date: /home/aatmaj/Sookshma/ros2_ws/install/interfaces/include/interfaces/interfaces
[5.313s] -- Up-to-date: /home/aatmaj/Sookshma/ros2_ws/install/interfaces/include/interfaces/interfaces/msg
[5.314s] -- Installing: /home/aatmaj/Sookshma/ros2_ws/install/interfaces/include/interfaces/interfaces/msg/rosidl_typesupport_introspection_c__visibility_control.h
[5.314s] -- Up-to-date: /home/aatmaj/Sookshma/ros2_ws/install/interfaces/include/interfaces/interfaces/msg/detail
[5.314s] -- Installing: /home/aatmaj/Sookshma/ros2_ws/install/interfaces/include/interfaces/interfaces/msg/detail/actuator__rosidl_typesupport_introspection_c.h
[5.314s] -- Installing: /home/aatmaj/Sookshma/ros2_ws/install/interfaces/include/interfaces/interfaces/msg/detail/actuator__type_support.c
[5.315s] -- Installing: /home/aatmaj/Sookshma/ros2_ws/install/interfaces/lib/libinterfaces__rosidl_typesupport_introspection_c.so
[5.315s] -- Set runtime path of "/home/aatmaj/Sookshma/ros2_ws/install/interfaces/lib/libinterfaces__rosidl_typesupport_introspection_c.so" to ""
[5.315s] -- Installing: /home/aatmaj/Sookshma/ros2_ws/install/interfaces/lib/libinterfaces__rosidl_typesupport_c.so
[5.315s] -- Set runtime path of "/home/aatmaj/Sookshma/ros2_ws/install/interfaces/lib/libinterfaces__rosidl_typesupport_c.so" to ""
[5.316s] -- Up-to-date: /home/aatmaj/Sookshma/ros2_ws/install/interfaces/include/interfaces/interfaces
[5.316s] -- Up-to-date: /home/aatmaj/Sookshma/ros2_ws/install/interfaces/include/interfaces/interfaces/msg
[5.316s] -- Up-to-date: /home/aatmaj/Sookshma/ros2_ws/install/interfaces/include/interfaces/interfaces/msg/detail
[5.316s] -- Installing: /home/aatmaj/Sookshma/ros2_ws/install/interfaces/include/interfaces/interfaces/msg/detail/actuator__rosidl_typesupport_introspection_cpp.hpp
[5.317s] -- Installing: /home/aatmaj/Sookshma/ros2_ws/install/interfaces/include/interfaces/interfaces/msg/detail/actuator__type_support.cpp
[5.317s] -- Installing: /home/aatmaj/Sookshma/ros2_ws/install/interfaces/lib/libinterfaces__rosidl_typesupport_introspection_cpp.so
[5.317s] -- Set runtime path of "/home/aatmaj/Sookshma/ros2_ws/install/interfaces/lib/libinterfaces__rosidl_typesupport_introspection_cpp.so" to ""
[5.317s] -- Installing: /home/aatmaj/Sookshma/ros2_ws/install/interfaces/lib/libinterfaces__rosidl_typesupport_cpp.so
[5.318s] -- Set runtime path of "/home/aatmaj/Sookshma/ros2_ws/install/interfaces/lib/libinterfaces__rosidl_typesupport_cpp.so" to ""
[5.318s] -- Installing: /home/aatmaj/Sookshma/ros2_ws/install/interfaces/share/interfaces/environment/pythonpath.sh
[5.318s] -- Installing: /home/aatmaj/Sookshma/ros2_ws/install/interfaces/share/interfaces/environment/pythonpath.dsv
[5.318s] -- Installing: /home/aatmaj/Sookshma/ros2_ws/install/interfaces/local/lib/python3.10/dist-packages/interfaces-0.0.0-py3.10.egg-info
[5.318s] -- Installing: /home/aatmaj/Sookshma/ros2_ws/install/interfaces/local/lib/python3.10/dist-packages/interfaces-0.0.0-py3.10.egg-info/top_level.txt
[5.319s] -- Installing: /home/aatmaj/Sookshma/ros2_ws/install/interfaces/local/lib/python3.10/dist-packages/interfaces-0.0.0-py3.10.egg-info/SOURCES.txt
[5.319s] -- Installing: /home/aatmaj/Sookshma/ros2_ws/install/interfaces/local/lib/python3.10/dist-packages/interfaces-0.0.0-py3.10.egg-info/dependency_links.txt
[5.319s] -- Installing: /home/aatmaj/Sookshma/ros2_ws/install/interfaces/local/lib/python3.10/dist-packages/interfaces-0.0.0-py3.10.egg-info/PKG-INFO
[5.319s] -- Installing: /home/aatmaj/Sookshma/ros2_ws/install/interfaces/local/lib/python3.10/dist-packages/interfaces
[5.319s] -- Installing: /home/aatmaj/Sookshma/ros2_ws/install/interfaces/local/lib/python3.10/dist-packages/interfaces/__init__.py
[5.319s] -- Installing: /home/aatmaj/Sookshma/ros2_ws/install/interfaces/local/lib/python3.10/dist-packages/interfaces/interfaces_s__rosidl_typesupport_c.cpython-310-x86_64-linux-gnu.so
[5.320s] -- Installing: /home/aatmaj/Sookshma/ros2_ws/install/interfaces/local/lib/python3.10/dist-packages/interfaces/_interfaces_s.ep.rosidl_typesupport_introspection_c.c
[5.320s] -- Installing: /home/aatmaj/Sookshma/ros2_ws/install/interfaces/local/lib/python3.10/dist-packages/interfaces/interfaces_s__rosidl_typesupport_introspection_c.cpython-310-x86_64-linux-gnu.so
[5.320s] -- Installing: /home/aatmaj/Sookshma/ros2_ws/install/interfaces/local/lib/python3.10/dist-packages/interfaces/interfaces_s__rosidl_typesupport_fastrtps_c.cpython-310-x86_64-linux-gnu.so
[5.320s] -- Installing: /home/aatmaj/Sookshma/ros2_ws/install/interfaces/local/lib/python3.10/dist-packages/interfaces/_interfaces_s.ep.rosidl_typesupport_c.c
[5.320s] -- Installing: /home/aatmaj/Sookshma/ros2_ws/install/interfaces/local/lib/python3.10/dist-packages/interfaces/libinterfaces__rosidl_generator_py.so
[5.320s] -- Installing: /home/aatmaj/Sookshma/ros2_ws/install/interfaces/local/lib/python3.10/dist-packages/interfaces/msg
[5.321s] -- Installing: /home/aatmaj/Sookshma/ros2_ws/install/interfaces/local/lib/python3.10/dist-packages/interfaces/msg/__init__.py
[5.321s] -- Installing: /home/aatmaj/Sookshma/ros2_ws/install/interfaces/local/lib/python3.10/dist-packages/interfaces/msg/_actuator_s.c
[5.321s] -- Installing: /home/aatmaj/Sookshma/ros2_ws/install/interfaces/local/lib/python3.10/dist-packages/interfaces/msg/_actuator.py
[5.321s] -- Installing: /home/aatmaj/Sookshma/ros2_ws/install/interfaces/local/lib/python3.10/dist-packages/interfaces/_interfaces_s.ep.rosidl_typesupport_fastrtps_c.c
[5.367s] Listing '/home/aatmaj/Sookshma/ros2_ws/install/interfaces/local/lib/python3.10/dist-packages/interfaces'...
[5.368s] Compiling '/home/aatmaj/Sookshma/ros2_ws/install/interfaces/local/lib/python3.10/dist-packages/interfaces/__init__.py'...
[5.368s] Listing '/home/aatmaj/Sookshma/ros2_ws/install/interfaces/local/lib/python3.10/dist-packages/interfaces/msg'...
[5.368s] Compiling '/home/aatmaj/Sookshma/ros2_ws/install/interfaces/local/lib/python3.10/dist-packages/interfaces/msg/__init__.py'...
[5.368s] Compiling '/home/aatmaj/Sookshma/ros2_ws/install/interfaces/local/lib/python3.10/dist-packages/interfaces/msg/_actuator.py'...
[5.374s] -- Installing: /home/aatmaj/Sookshma/ros2_ws/install/interfaces/local/lib/python3.10/dist-packages/interfaces/interfaces_s__rosidl_typesupport_fastrtps_c.cpython-310-x86_64-linux-gnu.so
[5.374s] -- Set runtime path of "/home/aatmaj/Sookshma/ros2_ws/install/interfaces/local/lib/python3.10/dist-packages/interfaces/interfaces_s__rosidl_typesupport_fastrtps_c.cpython-310-x86_64-linux-gnu.so" to ""
[5.374s] -- Installing: /home/aatmaj/Sookshma/ros2_ws/install/interfaces/local/lib/python3.10/dist-packages/interfaces/interfaces_s__rosidl_typesupport_introspection_c.cpython-310-x86_64-linux-gnu.so
[5.375s] -- Set runtime path of "/home/aatmaj/Sookshma/ros2_ws/install/interfaces/local/lib/python3.10/dist-packages/interfaces/interfaces_s__rosidl_typesupport_introspection_c.cpython-310-x86_64-linux-gnu.so" to ""
[5.375s] -- Installing: /home/aatmaj/Sookshma/ros2_ws/install/interfaces/local/lib/python3.10/dist-packages/interfaces/interfaces_s__rosidl_typesupport_c.cpython-310-x86_64-linux-gnu.so
[5.376s] -- Set runtime path of "/home/aatmaj/Sookshma/ros2_ws/install/interfaces/local/lib/python3.10/dist-packages/interfaces/interfaces_s__rosidl_typesupport_c.cpython-310-x86_64-linux-gnu.so" to ""
[5.376s] -- Installing: /home/aatmaj/Sookshma/ros2_ws/install/interfaces/lib/libinterfaces__rosidl_generator_py.so
[5.377s] -- Set runtime path of "/home/aatmaj/Sookshma/ros2_ws/install/interfaces/lib/libinterfaces__rosidl_generator_py.so" to ""
[5.377s] -- Installing: /home/aatmaj/Sookshma/ros2_ws/install/interfaces/share/interfaces/msg/Actuator.idl
[5.377s] -- Installing: /home/aatmaj/Sookshma/ros2_ws/install/interfaces/share/interfaces/msg/Actuator.msg
[5.377s] -- Installing: /home/aatmaj/Sookshma/ros2_ws/install/interfaces/share/ament_index/resource_index/package_run_dependencies/interfaces
[5.378s] -- Installing: /home/aatmaj/Sookshma/ros2_ws/install/interfaces/share/ament_index/resource_index/parent_prefix_path/interfaces
[5.378s] -- Installing: /home/aatmaj/Sookshma/ros2_ws/install/interfaces/share/interfaces/environment/ament_prefix_path.sh
[5.378s] -- Installing: /home/aatmaj/Sookshma/ros2_ws/install/interfaces/share/interfaces/environment/ament_prefix_path.dsv
[5.378s] -- Installing: /home/aatmaj/Sookshma/ros2_ws/install/interfaces/share/interfaces/environment/path.sh
[5.379s] -- Installing: /home/aatmaj/Sookshma/ros2_ws/install/interfaces/share/interfaces/environment/path.dsv
[5.379s] -- Installing: /home/aatmaj/Sookshma/ros2_ws/install/interfaces/share/interfaces/local_setup.bash
[5.379s] -- Installing: /home/aatmaj/Sookshma/ros2_ws/install/interfaces/share/interfaces/local_setup.sh
[5.379s] -- Installing: /home/aatmaj/Sookshma/ros2_ws/install/interfaces/share/interfaces/local_setup.zsh
[5.380s] -- Installing: /home/aatmaj/Sookshma/ros2_ws/install/interfaces/share/interfaces/local_setup.dsv
[5.380s] -- Installing: /home/aatmaj/Sookshma/ros2_ws/install/interfaces/share/interfaces/package.dsv
[5.380s] -- Installing: /home/aatmaj/Sookshma/ros2_ws/install/interfaces/share/ament_index/resource_index/packages/interfaces
[5.380s] -- Installing: /home/aatmaj/Sookshma/ros2_ws/install/interfaces/share/interfaces/cmake/export_interfaces__rosidl_generator_cExport.cmake
[5.381s] -- Installing: /home/aatmaj/Sookshma/ros2_ws/install/interfaces/share/interfaces/cmake/export_interfaces__rosidl_generator_cExport-noconfig.cmake
[5.381s] -- Installing: /home/aatmaj/Sookshma/ros2_ws/install/interfaces/share/interfaces/cmake/export_interfaces__rosidl_typesupport_fastrtps_cExport.cmake
[5.381s] -- Installing: /home/aatmaj/Sookshma/ros2_ws/install/interfaces/share/interfaces/cmake/export_interfaces__rosidl_typesupport_fastrtps_cExport-noconfig.cmake
[5.381s] -- Installing: /home/aatmaj/Sookshma/ros2_ws/install/interfaces/share/interfaces/cmake/export_interfaces__rosidl_generator_cppExport.cmake
[5.382s] -- Installing: /home/aatmaj/Sookshma/ros2_ws/install/interfaces/share/interfaces/cmake/export_interfaces__rosidl_typesupport_fastrtps_cppExport.cmake
[5.382s] -- Installing: /home/aatmaj/Sookshma/ros2_ws/install/interfaces/share/interfaces/cmake/export_interfaces__rosidl_typesupport_fastrtps_cppExport-noconfig.cmake
[5.383s] -- Installing: /home/aatmaj/Sookshma/ros2_ws/install/interfaces/share/interfaces/cmake/interfaces__rosidl_typesupport_introspection_cExport.cmake
[5.383s] -- Installing: /home/aatmaj/Sookshma/ros2_ws/install/interfaces/share/interfaces/cmake/interfaces__rosidl_typesupport_introspection_cExport-noconfig.cmake
[5.383s] -- Installing: /home/aatmaj/Sookshma/ros2_ws/install/interfaces/share/interfaces/cmake/interfaces__rosidl_typesupport_cExport.cmake
[5.383s] -- Installing: /home/aatmaj/Sookshma/ros2_ws/install/interfaces/share/interfaces/cmake/interfaces__rosidl_typesupport_cExport-noconfig.cmake
[5.384s] -- Installing: /home/aatmaj/Sookshma/ros2_ws/install/interfaces/share/interfaces/cmake/interfaces__rosidl_typesupport_introspection_cppExport.cmake
[5.384s] -- Installing: /home/aatmaj/Sookshma/ros2_ws/install/interfaces/share/interfaces/cmake/interfaces__rosidl_typesupport_introspection_cppExport-noconfig.cmake
[5.385s] -- Installing: /home/aatmaj/Sookshma/ros2_ws/install/interfaces/share/interfaces/cmake/interfaces__rosidl_typesupport_cppExport.cmake
[5.385s] -- Installing: /home/aatmaj/Sookshma/ros2_ws/install/interfaces/share/interfaces/cmake/interfaces__rosidl_typesupport_cppExport-noconfig.cmake
[5.385s] -- Old export file "/home/aatmaj/Sookshma/ros2_ws/install/interfaces/share/interfaces/cmake/export_interfaces__rosidl_generator_pyExport.cmake" will be replaced.  Removing files [/home/aatmaj/Sookshma/ros2_ws/install/interfaces/share/interfaces/cmake/export_interfaces__rosidl_generator_pyExport-noconfig.cmake].
[5.385s] -- Installing: /home/aatmaj/Sookshma/ros2_ws/install/interfaces/share/interfaces/cmake/export_interfaces__rosidl_generator_pyExport.cmake
[5.386s] -- Installing: /home/aatmaj/Sookshma/ros2_ws/install/interfaces/share/interfaces/cmake/export_interfaces__rosidl_generator_pyExport-noconfig.cmake
[5.386s] -- Installing: /home/aatmaj/Sookshma/ros2_ws/install/interfaces/share/interfaces/cmake/rosidl_cmake-extras.cmake
[5.386s] -- Installing: /home/aatmaj/Sookshma/ros2_ws/install/interfaces/share/interfaces/cmake/ament_cmake_export_dependencies-extras.cmake
[5.386s] -- Installing: /home/aatmaj/Sookshma/ros2_ws/install/interfaces/share/interfaces/cmake/ament_cmake_export_include_directories-extras.cmake
[5.387s] -- Installing: /home/aatmaj/Sookshma/ros2_ws/install/interfaces/share/interfaces/cmake/ament_cmake_export_libraries-extras.cmake
[5.387s] -- Installing: /home/aatmaj/Sookshma/ros2_ws/install/interfaces/share/interfaces/cmake/ament_cmake_export_targets-extras.cmake
[5.387s] -- Installing: /home/aatmaj/Sookshma/ros2_ws/install/interfaces/share/interfaces/cmake/rosidl_cmake_export_typesupport_targets-extras.cmake
[5.387s] -- Installing: /home/aatmaj/Sookshma/ros2_ws/install/interfaces/share/interfaces/cmake/rosidl_cmake_export_typesupport_libraries-extras.cmake
[5.388s] -- Installing: /home/aatmaj/Sookshma/ros2_ws/install/interfaces/share/interfaces/cmake/interfacesConfig.cmake
[5.388s] -- Installing: /home/aatmaj/Sookshma/ros2_ws/install/interfaces/share/interfaces/cmake/interfacesConfig-version.cmake
[5.388s] -- Installing: /home/aatmaj/Sookshma/ros2_ws/install/interfaces/share/interfaces/package.xml
[5.392s] Invoked command in '/home/aatmaj/Sookshma/ros2_ws/build/interfaces' returned '0': CMAKE_PREFIX_PATH=/opt/ros/humble /usr/bin/cmake --install /home/aatmaj/Sookshma/ros2_ws/build/interfaces
