[0.013s] Invoking command in '/home/aatmaj/Sookshma/ros2_ws/build/zed_components': /usr/bin/cmake /home/aatmaj/Sookshma/ros2_ws/src/zed-ros2-wrapper/zed_components -DCMAKE_BUILD_TYPE=Release -DAMENT_CMAKE_SYMLINK_INSTALL=1 -DCMAKE_INSTALL_PREFIX=/home/aatmaj/Sookshma/ros2_ws/install/zed_components
[0.125s] -- The C compiler identification is GNU 11.4.0
[0.224s] -- The CXX compiler identification is GNU 11.4.0
[0.248s] -- Detecting C compiler ABI info
[0.353s] -- Detecting C compiler ABI info - done
[0.378s] -- Check for working C compiler: /usr/bin/cc - skipped
[0.380s] -- Detecting C compile features
[0.382s] -- Detecting C compile features - done
[0.392s] -- Detecting CXX compiler ABI info
[0.516s] -- Detecting CXX compiler ABI info - done
[0.543s] -- Check for working CXX compiler: /usr/bin/c++ - skipped
[0.544s] -- Detecting CXX compile features
[0.545s] -- Detecting CXX compile features - done
[0.547s] [0m* ROS2 distro variable not set. Trying to figure it out...[0m
[0.549s] [0m*** WARNING *** ROS2 distro is unknown. This package could not work correctly.[0m
[0.578s] [31mCMake Error at CMakeLists.txt:84 (find_package):
[0.578s]   By not providing "FindZED.cmake" in CMAKE_MODULE_PATH this project has
[0.579s]   asked CMake to find a package configuration file provided by "ZED", but
[0.579s]   CMake did not find one.
[0.579s] 
[0.579s]   Could not find a package configuration file provided by "ZED" with any of
[0.579s]   the following names:
[0.580s] 
[0.580s]     ZEDConfig.cmake
[0.580s]     zed-config.cmake
[0.580s] 
[0.580s]   Add the installation prefix of "ZED" to CMAKE_PREFIX_PATH or set "ZED_DIR"
[0.580s]   to a directory containing one of the above files.  If "ZED" provides a
[0.581s]   separate development package or SDK, be sure it has been installed.
[0.581s] 
[0.581s] [0m
[0.581s] -- Configuring incomplete, errors occurred!
[0.581s] See also "/home/aatmaj/Sookshma/ros2_ws/build/zed_components/CMakeFiles/CMakeOutput.log".
